F:\CIS 660\MAYAPLUGINHW_BASECODE\MAYAPLUGINHW\.DEBUG\CYLINDER.OBJ
F:\CIS 660\MAYAPLUGINHW_BASECODE\MAYAPLUGINHW\.DEBUG\LSYSTEM.OBJ
F:\CIS 660\MAYAPLUGINHW_BASECODE\MAYAPLUGINHW\.DEBUG\LSYSTEMCMD.OBJ
F:\CIS 660\MAYAPLUGINHW_BASECODE\MAYAPLUGINHW\.DEBUG\LSYSTEMNODE.OBJ
F:\CIS 660\MAYAPLUGINHW_BASECODE\MAYAPLUGINHW\.DEBUG\PLUGINMAIN.OBJ
F:\CIS 660\MAYAPLUGINHW_BASECODE\MAYAPLUGINHW\.DEBUG\VEC.OBJ
F:\CIS 660\mayaPluginHw_basecode\mayaPluginHw\Debug\MyPlugin.exp
F:\CIS 660\mayaPluginHw_basecode\mayaPluginHw\Debug\MyPlugin.lib
F:\CIS 660\MAYAPLUGINHW_BASECODE\MAYAPLUGINHW\DEBUG\MYPLUGIN.PDB
F:\CIS 660\MAYAPLUGINHW_BASECODE\MAYAPLUGINHW\LSYSTEMD.ILK
F:\CIS 660\MAYAPLUGINHW_BASECODE\MAYAPLUGINHW\LSYSTEMD.MLL
F:\CIS 660\mayaPluginHw_basecode\mayaPluginHw\Win32\Debug\cl.command.1.tlog
F:\CIS 660\mayaPluginHw_basecode\mayaPluginHw\Win32\Debug\CL.read.1.tlog
F:\CIS 660\mayaPluginHw_basecode\mayaPluginHw\Win32\Debug\CL.write.1.tlog
F:\CIS 660\mayaPluginHw_basecode\mayaPluginHw\Win32\Debug\link.4492.read.1.tlog
F:\CIS 660\mayaPluginHw_basecode\mayaPluginHw\Win32\Debug\link.4492.write.1.tlog
F:\CIS 660\mayaPluginHw_basecode\mayaPluginHw\Win32\Debug\link.4492-cvtres.read.1.tlog
F:\CIS 660\mayaPluginHw_basecode\mayaPluginHw\Win32\Debug\link.4492-cvtres.write.1.tlog
F:\CIS 660\mayaPluginHw_basecode\mayaPluginHw\Win32\Debug\link.command.1.tlog
F:\CIS 660\mayaPluginHw_basecode\mayaPluginHw\Win32\Debug\link.read.1.tlog
F:\CIS 660\mayaPluginHw_basecode\mayaPluginHw\Win32\Debug\link.write.1.tlog
F:\CIS 660\mayaPluginHw_basecode\mayaPluginHw\Win32\Debug\link-cvtres.read.1.tlog
F:\CIS 660\mayaPluginHw_basecode\mayaPluginHw\Win32\Debug\link-cvtres.write.1.tlog
F:\CIS 660\MAYAPLUGINHW_BASECODE\MAYAPLUGINHW\WIN32\DEBUG\LSYSTEMMAYA.DLL.EMBED.MANIFEST
F:\CIS 660\MAYAPLUGINHW_BASECODE\MAYAPLUGINHW\WIN32\DEBUG\LSYSTEMMAYA.DLL.EMBED.MANIFEST.RES
F:\CIS 660\MAYAPLUGINHW_BASECODE\MAYAPLUGINHW\WIN32\DEBUG\LSYSTEMMAYA.DLL.INTERMEDIATE.MANIFEST
F:\CIS 660\mayaPluginHw_basecode\mayaPluginHw\Win32\Debug\LSystemMaya.write.1.tlog
F:\CIS 660\mayaPluginHw_basecode\mayaPluginHw\Win32\Debug\LSystemMaya_manifest.rc
F:\CIS 660\mayaPluginHw_basecode\mayaPluginHw\Win32\Debug\mt.command.1.tlog
F:\CIS 660\mayaPluginHw_basecode\mayaPluginHw\Win32\Debug\mt.read.1.tlog
F:\CIS 660\mayaPluginHw_basecode\mayaPluginHw\Win32\Debug\mt.write.1.tlog
F:\CIS 660\mayaPluginHw_basecode\mayaPluginHw\Win32\Debug\rc.command.1.tlog
F:\CIS 660\mayaPluginHw_basecode\mayaPluginHw\Win32\Debug\rc.read.1.tlog
F:\CIS 660\mayaPluginHw_basecode\mayaPluginHw\Win32\Debug\rc.write.1.tlog
