F:\BIN\LSYSTEMD.EXE
F:\BIN\LSYSTEMD.ILK
F:\BIN\MYEXE.PDB
F:\CIS 660\mayaPluginHw_basecode\mayaPluginHw\Debug\cl.command.1.tlog
F:\CIS 660\mayaPluginHw_basecode\mayaPluginHw\Debug\CL.read.1.tlog
F:\CIS 660\mayaPluginHw_basecode\mayaPluginHw\Debug\CL.write.1.tlog
F:\CIS 660\mayaPluginHw_basecode\mayaPluginHw\Debug\link.2504.read.1.tlog
F:\CIS 660\mayaPluginHw_basecode\mayaPluginHw\Debug\link.2504.write.1.tlog
F:\CIS 660\mayaPluginHw_basecode\mayaPluginHw\Debug\link.2504-cvtres.read.1.tlog
F:\CIS 660\mayaPluginHw_basecode\mayaPluginHw\Debug\link.2504-cvtres.write.1.tlog
F:\CIS 660\mayaPluginHw_basecode\mayaPluginHw\Debug\link.command.1.tlog
F:\CIS 660\mayaPluginHw_basecode\mayaPluginHw\Debug\link.read.1.tlog
F:\CIS 660\mayaPluginHw_basecode\mayaPluginHw\Debug\link.write.1.tlog
F:\CIS 660\mayaPluginHw_basecode\mayaPluginHw\Debug\link-cvtres.read.1.tlog
F:\CIS 660\mayaPluginHw_basecode\mayaPluginHw\Debug\link-cvtres.write.1.tlog
F:\CIS 660\MAYAPLUGINHW_BASECODE\MAYAPLUGINHW\DEBUG\LSYSTEM.EXE.EMBED.MANIFEST
F:\CIS 660\MAYAPLUGINHW_BASECODE\MAYAPLUGINHW\DEBUG\LSYSTEM.EXE.EMBED.MANIFEST.RES
F:\CIS 660\MAYAPLUGINHW_BASECODE\MAYAPLUGINHW\DEBUG\LSYSTEM.EXE.INTERMEDIATE.MANIFEST
F:\CIS 660\MAYAPLUGINHW_BASECODE\MAYAPLUGINHW\DEBUG\LSYSTEM.OBJ
F:\CIS 660\mayaPluginHw_basecode\mayaPluginHw\Debug\LSystem_manifest.rc
F:\CIS 660\MAYAPLUGINHW_BASECODE\MAYAPLUGINHW\DEBUG\MAIN.OBJ
F:\CIS 660\mayaPluginHw_basecode\mayaPluginHw\Debug\mt.command.1.tlog
F:\CIS 660\mayaPluginHw_basecode\mayaPluginHw\Debug\mt.read.1.tlog
F:\CIS 660\mayaPluginHw_basecode\mayaPluginHw\Debug\mt.write.1.tlog
F:\CIS 660\mayaPluginHw_basecode\mayaPluginHw\Debug\rc.command.1.tlog
F:\CIS 660\mayaPluginHw_basecode\mayaPluginHw\Debug\rc.read.1.tlog
F:\CIS 660\mayaPluginHw_basecode\mayaPluginHw\Debug\rc.write.1.tlog
F:\CIS 660\MAYAPLUGINHW_BASECODE\MAYAPLUGINHW\DEBUG\VEC.OBJ
